Created by PLY version 3.11 (http://www.dabeaz.com/ply)

Unused terminals:

    SYSTEMOUTPRINTLN
    COLON
    BOOLEAN
    ELSE
    ATTR
    NEW
    EQUALS
    NUMBER
    LENGTH
    FALSE
    IF
    DOT
    LTHAN
    INT
    MINUS
    AND
    TIMES
    GEQTHAN
    LEQTHAN
    RETURN
    NULL
    WHILE
    PLUS
    NOT
    EXTENDS
    NEQUALS
    GTHAN
    THIS
    TRUE

Grammar

Rule 0     S' -> prog
Rule 1     prog -> main LKEY classe RKEY
Rule 2     main -> CLASS ID LKEY PUBLIC STATIC VOID MAIN LPAREN STRING LBRACKET RBRACKET ID RPAREN LKEY cmd RKEY RKEY
Rule 3     var -> tipo ID SEMICOLON

Terminals, with rules where they appear

AND                  : 
ATTR                 : 
BOOLEAN              : 
CLASS                : 2
COLON                : 
DOT                  : 
ELSE                 : 
EQUALS               : 
EXTENDS              : 
FALSE                : 
GEQTHAN              : 
GTHAN                : 
ID                   : 2 2 3
IF                   : 
INT                  : 
LBRACKET             : 2
LENGTH               : 
LEQTHAN              : 
LKEY                 : 1 2 2
LPAREN               : 2
LTHAN                : 
MAIN                 : 2
MINUS                : 
NEQUALS              : 
NEW                  : 
NOT                  : 
NULL                 : 
NUMBER               : 
PLUS                 : 
PUBLIC               : 2
RBRACKET             : 2
RETURN               : 
RKEY                 : 1 2 2
RPAREN               : 2
SEMICOLON            : 3
STATIC               : 2
STRING               : 2
SYSTEMOUTPRINTLN     : 
THIS                 : 
TIMES                : 
TRUE                 : 
VOID                 : 2
WHILE                : 
error                : 

Nonterminals, with rules where they appear

classe               : 1
cmd                  : 2
main                 : 1
prog                 : 0
tipo                 : 3
var                  : 

